11309 天道程式01期
	000997.SZ 新 大 陆 19.8077 1000 19900
	002405.SZ 四维图新 24.768 2500 61475
	300297.SZ 蓝盾股份 15.77 1000 15850
	502012.SH 证券B 1.32377142857 7000 9100
	150172.SZ 证券B 1.2756 5000 6285
	000970.SZ 中科三环 14.91 1000 14850
---market_value	127460
---temp_forzen	0
---forzen	701896.4
---unforzen	583956
---fee	769.64
====================
11326 牛人牛股16期
	600446.SH 金证股份 36.7943 800 28696
---market_value	28696
---temp_forzen	0
---forzen	63532
---unforzen	32976
---fee	73.47
====================
11300 盈多点点08期--黄金看涨型
---market_value	0
---temp_forzen	0
---forzen	0
---unforzen	0
---fee	0
====================
11301 趋势信徒02期
	300231.SZ 银信科技 18.167875 800 14744
	603338.SH 浙江鼎力 36.0435333333 300 13848
	300449.SZ 汉邦高科 45.30492 500 28950
	300342.SZ 天银机电 26.5248333333 300 9207
	600436.SH 片仔癀 38.20988 500 22040
	600197.SH 伊力特 14.1836166667 600 9006
	603866.SH 桃李面包 45.34 400 18624
---market_value	116419
---temp_forzen	0
---forzen	140118
---unforzen	39101
---fee	169.77
====================
11302 钟杰操盘01期
	002070.SZ 众和股份 28.1189521368 11700 305955
---market_value	305955
---temp_forzen	0
---forzen	328861
---unforzen	0
---fee	130.74
====================
11303 牛人牛股14期
	600679.SH 上海凤凰 14.44 2000 29800
	002182.SZ 云海金属 20.35 1500 30195
---market_value	59995
---temp_forzen	0
---forzen	144445
---unforzen	88335.225
---fee	110.31
====================
11304 钟杰操盘专户01期
---market_value	0
---temp_forzen	0
---forzen	0
---unforzen	0
---fee	0
====================
11328 渔人01期
	600667.SH XD太极实 10.46 5300 54431
---market_value	54431
---temp_forzen	0
---forzen	166772
---unforzen	106951
---fee	118.89
====================
11313 牛人牛股15期
	002070.SZ 众和股份 28.84120625 1600 41840
---market_value	41840
---temp_forzen	0
---forzen	46128
---unforzen	0
---fee	17.93
====================
11267 车家乐01期
---market_value	0
---temp_forzen	0
---forzen	0
---unforzen	0
---fee	0
====================
11266 遇言专户01期
---market_value	0
---temp_forzen	0
---forzen	0
---unforzen	0
---fee	0
====================
11265 老蔡01期
	600180.SH 瑞茂通 16.461395 2000 30560
	600978.SH 宜华生活 12.0948066667 3000 33390
---market_value	63950
---temp_forzen	0
---forzen	85580
---unforzen	17244.2
---fee	57.42
====================
11312 公益乐发布净值消息测试
---market_value	0
---temp_forzen	0
---forzen	0
---unforzen	0
---fee	0
====================
11289 投资客专户01期
---market_value	0
---temp_forzen	0
---forzen	0
---unforzen	0
---fee	0
====================
11288 三人为众港股专户01期
---market_value	0
---temp_forzen	0
---forzen	0
---unforzen	0
---fee	0
====================
11285 知鸟01期
	603822.SH 嘉澳环保 36.870352381 2100 148995
	300512.SZ 中亚股份 104.255454545 1100 122122
---market_value	271117
---temp_forzen	0
---forzen	4730517.22
---unforzen	4516363.86
---fee	6972.32
====================
11284 牛人牛股11期
---market_value	0
---temp_forzen	0
---forzen	0
---unforzen	0
---fee	0
====================
11287 盈多点点06期--看跌型
---market_value	0
---temp_forzen	0
---forzen	0
---unforzen	0
---fee	0
====================
11286 盈多点点06期--看涨型
---market_value	0
---temp_forzen	0
---forzen	0
---unforzen	0
---fee	0
====================
11274 股天乐01期
	000792.SZ 盐湖股份 20.0354 1000 21340
	600648.SH 外高桥 19.34018 3000 59700
---market_value	81040
---temp_forzen	0
---forzen	2950059.02
---unforzen	2845429.58
---fee	4842.19
====================
11275 牛人牛股09期
---market_value	0
---temp_forzen	0
---forzen	0
---unforzen	0
---fee	0
====================
11333 黎明02期
	600303.SH 曙光股份 13.759 44000 667920
	603012.SH 创力集团 13.0242105263 19000 262770
	300287.SZ 飞利信 13.07 6000 76680
	002123.SZ 荣信股份 18.18 5000 94500
	002013.SZ 中航机电 13.21 5000 67200
	002104.SZ 恒宝股份 16.8 4600 75256
	002797.SZ 第一创业 42.6 1800 77328
	600745.SH 中茵股份 25.3475 2800 74312
	601789.SH 宁波建工 5.96 26000 152100
---market_value	1548066
---temp_forzen	0
---forzen	1538679
---unforzen	69504
---fee	0
====================
11277 复利马拉松专户01期
---market_value	0
---temp_forzen	0
---forzen	0
---unforzen	0
---fee	0
====================
11270 爱要让你听见03期
---market_value	0
---temp_forzen	0
---forzen	0
---unforzen	0
---fee	0
====================
11334 牛人牛股17期
---market_value	0
---temp_forzen	0
---forzen	0
---unforzen	0
---fee	0
====================
11318 水的精神03期
	600419.SH 天润乳业 57.9657392857 2800 153944
---market_value	153944
---temp_forzen	0
---forzen	332759
---unforzen	159495
---fee	350.85
====================
11230 小超人专户组合一号
---market_value	0
---temp_forzen	0
---forzen	0
---unforzen	0
---fee	0
====================
11316 行者01期
---market_value	0
---temp_forzen	0
---forzen	625739
---unforzen	623877
---fee	969.49
====================
11233 量华逆袭一号专户组合
---market_value	0
---temp_forzen	0
---forzen	0
---unforzen	0
---fee	0
====================
11278 牛人牛股10期
---market_value	0
---temp_forzen	0
---forzen	0
---unforzen	0
---fee	0
====================
11279 飞龙01期
	002378.SZ 章源钨业 12.02503 2000 21320
	002466.SZ 天齐锂业 173.7174 100 4389
---market_value	25709
---temp_forzen	0
---forzen	825793.9
---unforzen	769197
---fee	1230.14
====================
11311 南山南02期
	600679.SH 上海凤凰 14.45 3000 44700
	002182.SZ 云海金属 20.1224 2500 50325
	002339.SZ 积成电子 19.17551 2000 36600
---market_value	131625
---temp_forzen	0
---forzen	246042.13
---unforzen	118064.838
---fee	164.88
====================
11237 小超人专户组合二号
---market_value	0
---temp_forzen	0
---forzen	0
---unforzen	0
---fee	0
====================
11317 omsv2Test
	601288.SH 农业银行 3.2301 200 636
---market_value	636
---temp_forzen	537
---forzen	5461
---unforzen	4846.8
---fee	61.84
====================
11331 好时量化01期
	000901.SZ 航天科技 40.275645 2000 79900
	002137.SZ 麦达数字 16.3645 4000 64200
	300303.SZ 聚飞光电 9.805 4000 38640
	002490.SZ 山东墨龙 8.86638095238 21000 184590
	002157.SZ 正邦科技 23.89 2000 47680
	002103.SZ 广博股份 21.6 1000 20900
---market_value	435910
---temp_forzen	0
---forzen	440772
---unforzen	0
---fee	31.29
====================
11258 清楚理财01期
	300287.SZ 飞利信 13.07 6000 76680
	600745.SH 中茵股份 25.55 2800 74312
	603012.SH 创力集团 13.0490555556 18000 248940
	600303.SH 曙光股份 13.73935 20000 303600
	601777.SH 力帆股份 11.88 12000 141360
	600345.SH XD长江通 22.27 3500 72835
	002123.SZ 荣信股份 18.2 5000 94500
	002013.SZ 中航机电 13.18 5000 67200
	002104.SZ 恒宝股份 16.8 4600 75256
	002797.SZ 第一创业 42.6 1800 77328
	601789.SH 宁波建工 5.95188461538 26000 152100
---market_value	1384111
---temp_forzen	0
---forzen	6279394
---unforzen	4971458
---fee	3672.72
====================
11298 牛人牛股13期
	300041.SZ 回天新材 15.0778125 3200 47040
	002460.SZ 赣锋锂业 33.5 1600 55040
---market_value	102080
---temp_forzen	0
---forzen	757397
---unforzen	667239.9
---fee	949.21
====================
11332 爱要 让你听见05期
---market_value	0
---temp_forzen	0
---forzen	0
---unforzen	0
---fee	0
====================
11292 牛人牛股12期
---market_value	0
---temp_forzen	0
---forzen	0
---unforzen	0
---fee	0
====================
11293 机器人量化-风口守望者专户01期
---market_value	0
---temp_forzen	0
---forzen	0
---unforzen	0
---fee	0
====================
11290 翩翩侠01期
	300376.SZ 易事特 29.1979 1800 49266
	603315.SH 福鞍股份 18.9329 2700 54837
	300175.SZ 朗源股份 8.79 3500 31045
	300188.SZ 美亚柏科 26.5712121212 3300 87549
---market_value	222697
---temp_forzen	0
---forzen	1633906
---unforzen	1414713
---fee	2101.25
====================
11291 爱要让你听见04期
---market_value	0
---temp_forzen	0
---forzen	0
---unforzen	0
---fee	0
====================
11296 总裁01期
	300041.SZ 回天新材 15.0984090909 4400 64680
	002460.SZ 赣锋锂业 33.48 2300 79120
---market_value	143800
---temp_forzen	0
---forzen	1644583.6
---unforzen	1516597.32
---fee	2385.93
====================
11297 镜像组合测试
---market_value	0
---temp_forzen	0
---forzen	0
---unforzen	0
---fee	0
====================
11294 盈多点点07期--黄金看涨型
---market_value	0
---temp_forzen	0
---forzen	0
---unforzen	0
---fee	0
====================
