11309 天道程式01期
	000997.SZ 新 大 陆 19.8077 1000 20040
	150312.SZ 智能B 0.9975 2000 2082
	002405.SZ 四维图新 24.777828 2500 61100
	300297.SZ 蓝盾股份 15.77525 1000 15620
	502012.SH 证券B 1.32591428571 7000 9156
	150172.SZ 证券B 1.2776 5000 6335
	000970.SZ 中科三环 14.79 500 7460
---market_value	121793
---temp_forzen	0
---forzen	694381.4
---unforzen	581876
---fee	1132.11
====================
11326 牛人牛股16期
	600446.SH 金证股份 36.7943 800 28600
---market_value	28600
---temp_forzen	0
---forzen	63532
---unforzen	32976
---fee	73.47
====================
11300 盈多点点08期--黄金看涨型
---market_value	0
---temp_forzen	0
---forzen	0
---unforzen	0
---fee	0
====================
11301 趋势信徒02期
	300231.SZ 银信科技 18.167875 800 14712
	603338.SH 浙江鼎力 36.0435333333 300 13857
	300449.SZ 汉邦高科 45.30492 500 29075
	300342.SZ 天银机电 26.5248333333 300 9381
	600436.SH 片仔癀 38.20988 500 21850
	600197.SH 伊力特 14.1836166667 600 8952
	603866.SH 桃李面包 45.357625 400 17964
---market_value	115791
---temp_forzen	0
---forzen	140118
---unforzen	39101
---fee	176.82
====================
11302 钟杰操盘01期
	002070.SZ 众和股份 28.1189521368 11700 303966
---market_value	303966
---temp_forzen	0
---forzen	328861
---unforzen	0
---fee	130.74
====================
11303 牛人牛股14期
	600679.SH 上海凤凰 14.445615 2000 29880
	002182.SZ 云海金属 20.3579066667 1500 30465
---market_value	60345
---temp_forzen	0
---forzen	144446
---unforzen	88335.225
---fee	178.26
====================
11304 钟杰操盘专户01期
---market_value	0
---temp_forzen	0
---forzen	0
---unforzen	0
---fee	0
====================
11328 渔人01期
	600667.SH XD太极实 10.4640660377 5300 54696
---market_value	54696
---temp_forzen	0
---forzen	166772
---unforzen	106898
---fee	159.75
====================
11313 牛人牛股15期
	002070.SZ 众和股份 28.84120625 1600 41568
---market_value	41568
---temp_forzen	0
---forzen	46128
---unforzen	0
---fee	17.93
====================
11267 车家乐01期
---market_value	0
---temp_forzen	0
---forzen	0
---unforzen	0
---fee	0
====================
11266 遇言专户01期
---market_value	0
---temp_forzen	0
---forzen	0
---unforzen	0
---fee	0
====================
11265 老蔡01期
	600180.SH 瑞茂通 16.461395 2000 30400
	600978.SH 宜华生活 12.0948066667 3000 33180
---market_value	63580
---temp_forzen	0
---forzen	85580
---unforzen	17244.2
---fee	57.42
====================
11312 公益乐发布净值消息测试
---market_value	0
---temp_forzen	0
---forzen	0
---unforzen	0
---fee	0
====================
11289 投资客专户01期
---market_value	0
---temp_forzen	0
---forzen	0
---unforzen	0
---fee	0
====================
11288 三人为众港股专户01期
---market_value	0
---temp_forzen	0
---forzen	0
---unforzen	0
---fee	0
====================
11285 知鸟01期
	603822.SH 嘉澳环保 48.9022424242 3300 229977
	300512.SZ 中亚股份 104.255454545 1100 118778
---market_value	348755
---temp_forzen	0
---forzen	4730517.22
---unforzen	4432579.86
---fee	7418.17
====================
11284 牛人牛股11期
---market_value	0
---temp_forzen	0
---forzen	0
---unforzen	0
---fee	0
====================
11287 盈多点点06期--看跌型
---market_value	0
---temp_forzen	0
---forzen	0
---unforzen	0
---fee	0
====================
11286 盈多点点06期--看涨型
---market_value	0
---temp_forzen	0
---forzen	0
---unforzen	0
---fee	0
====================
11274 股天乐01期
	000792.SZ 盐湖股份 20.0354 1000 21290
	600648.SH 外高桥 19.34018 3000 59280
---market_value	80570
---temp_forzen	0
---forzen	2950059.02
---unforzen	2845645.58
---fee	5162.61
====================
11275 牛人牛股09期
---market_value	0
---temp_forzen	0
---forzen	0
---unforzen	0
---fee	0
====================
11333 黎明02期
	600303.SH 曙光股份 13.759 44000 649880
	603012.SH 创力集团 13.0276736842 19000 268850
	600990.SH 四创电子 88.2342875 800 68944
	300287.SZ 飞利信 13.07508 6000 76560
	002123.SZ 荣信股份 18.187066 5000 94650
	002013.SZ 中航机电 13.215134 5000 68500
	002797.SZ 第一创业 42.6 1800 77328
	600745.SH 中茵股份 25.3475 2800 74312
	002104.SZ 恒宝股份 16.8 4600 75808
---market_value	1454832
---temp_forzen	0
---forzen	1383719
---unforzen	0
---fee	184.71
====================
11277 复利马拉松专户01期
---market_value	0
---temp_forzen	0
---forzen	0
---unforzen	0
---fee	0
====================
11270 爱要让你听见03期
---market_value	0
---temp_forzen	0
---forzen	0
---unforzen	0
---fee	0
====================
11334 牛人牛股17期
---market_value	0
---temp_forzen	0
---forzen	0
---unforzen	0
---fee	0
====================
11318 水的精神03期
	600419.SH 天润乳业 57.9657392857 2800 152040
---market_value	152040
---temp_forzen	0
---forzen	332759
---unforzen	159495
---fee	350.85
====================
11230 小超人专户组合一号
---market_value	0
---temp_forzen	0
---forzen	0
---unforzen	0
---fee	0
====================
11316 行者01期
---market_value	0
---temp_forzen	0
---forzen	625739
---unforzen	623877
---fee	1109.62
====================
11233 量华逆袭一号专户组合
---market_value	0
---temp_forzen	0
---forzen	0
---unforzen	0
---fee	0
====================
11278 牛人牛股10期
---market_value	0
---temp_forzen	0
---forzen	0
---unforzen	0
---fee	0
====================
11279 飞龙01期
	002378.SZ 章源钨业 12.02503 2000 21000
	002466.SZ 天齐锂业 173.7174 100 4343
---market_value	25343
---temp_forzen	0
---forzen	825793.9
---unforzen	769197
---fee	1230.14
====================
11311 南山南02期
	600679.SH 上海凤凰 14.4556166667 3000 44820
	002182.SZ 云海金属 20.13022 2500 50775
	002339.SZ 积成电子 19.17551 2000 36720
---market_value	132315
---temp_forzen	0
---forzen	246040.13
---unforzen	118064.838
---fee	258.73
====================
11237 小超人专户组合二号
---market_value	0
---temp_forzen	0
---forzen	0
---unforzen	0
---fee	0
====================
11317 omsv2Test
	601288.SH 农业银行 3.2281 500 1585
---market_value	1585
---temp_forzen	0
---forzen	3528
---unforzen	1932
---fee	67.06
====================
11331 好时量化01期
	000901.SZ 航天科技 40.275645 2000 80580
	002137.SZ 麦达数字 16.370865 4000 64440
	300303.SZ 聚飞光电 9.809485 4000 38520
	002157.SZ 正邦科技 23.89 2000 47640
	002490.SZ 山东墨龙 8.86638095238 21000 184380
	002103.SZ 广博股份 21.6 1000 20800
---market_value	436360
---temp_forzen	0
---forzen	440772
---unforzen	0
---fee	74.69
====================
11258 清楚理财01期
	603012.SH 创力集团 13.0490555556 18000 254700
	300287.SZ 飞利信 13.07 6000 76560
	600303.SH 曙光股份 13.73935 20000 295400
	601777.SH 力帆股份 11.88 12000 141240
	600345.SH XD长江通 22.27 3500 73080
	002123.SZ 荣信股份 18.2 5000 94650
	002013.SZ 中航机电 13.18 5000 68500
	002104.SZ 恒宝股份 16.8 4600 75808
	002797.SZ 第一创业 42.6 1800 77328
	600745.SH 中茵股份 25.55 2800 74312
---market_value	1231578
---temp_forzen	0
---forzen	6124645
---unforzen	4971108
---fee	3666.47
====================
11298 牛人牛股13期
	002460.SZ 赣锋锂业 33.5 1600 53120
	300041.SZ 回天新材 15.0778125 3200 47200
---market_value	100320
---temp_forzen	0
---forzen	757397
---unforzen	667488.4
---fee	1116.75
====================
11332 爱要 让你听见05期
---market_value	0
---temp_forzen	0
---forzen	0
---unforzen	0
---fee	0
====================
11292 牛人牛股12期
---market_value	0
---temp_forzen	0
---forzen	0
---unforzen	0
---fee	0
====================
11293 机器人量化-风口守望者专户01期
---market_value	0
---temp_forzen	0
---forzen	0
---unforzen	0
---fee	0
====================
11290 翩翩侠01期
	300376.SZ 易事特 29.1979 1800 49338
	603315.SH 福鞍股份 18.9599481481 2700 53487
	300175.SZ 朗源股份 8.79341714286 3500 30625
	300248.SZ 新开普 27.26059 2000 53820
	300188.SZ 美亚柏科 26.65 1300 34502
---market_value	221772
---temp_forzen	0
---forzen	1580866
---unforzen	1361153
---fee	2450.46
====================
11291 爱要让你听见04期
---market_value	0
---temp_forzen	0
---forzen	0
---unforzen	0
---fee	0
====================
11296 总裁01期
	002460.SZ 赣锋锂业 33.48 2300 76360
	300041.SZ 回天新材 15.0984090909 4400 64900
---market_value	141260
---temp_forzen	0
---forzen	1644583.6
---unforzen	1516881.32
---fee	2514.76
====================
11297 镜像组合测试
---market_value	0
---temp_forzen	0
---forzen	0
---unforzen	0
---fee	0
====================
11294 盈多点点07期--黄金看涨型
---market_value	0
---temp_forzen	0
---forzen	0
---unforzen	0
---fee	0
====================
