11309 天道程式01期
	000997.SZ 新 大 陆 19.8077 1000 20000
	150312.SZ 智能B 0.9975 2000 2090
	002405.SZ 四维图新 24.768 2500 62300
	518800.SH 黄金基金 2.804 1000 2798
	300297.SZ 蓝盾股份 15.82 800 12736
	502012.SH 证券B 1.32377142857 7000 9142
	150172.SZ 证券B 1.2756 5000 6350
---market_value	115416
---temp_forzen	0
---forzen	683872.4
---unforzen	579070
---fee	769.64
====================
11326 牛人牛股16期
	600446.SH 金证股份 36.7943 800 29160
---market_value	29160
---temp_forzen	0
---forzen	63532
---unforzen	32976
---fee	73.47
====================
11300 盈多点点08期--黄金看涨型
---market_value	0
---temp_forzen	0
---forzen	0
---unforzen	0
---fee	0
====================
11301 趋势信徒02期
	300231.SZ 银信科技 18.167875 800 14960
	603338.SH 浙江鼎力 36.0435333333 300 13845
	300449.SZ 汉邦高科 45.30492 500 30085
	300342.SZ 天银机电 28.093625 400 12104
	600436.SH 片仔癀 38.20988 500 22435
	600197.SH 伊力特 14.1836166667 600 9114
	603866.SH 桃李面包 45.34 400 18140
---market_value	120683
---temp_forzen	0
---forzen	140118
---unforzen	35821
---fee	169.77
====================
11302 钟杰操盘01期
	002070.SZ 众和股份 28.1189521368 11700 305487
---market_value	305487
---temp_forzen	0
---forzen	328861
---unforzen	0
---fee	130.74
====================
11303 牛人牛股14期
	600679.SH 上海凤凰 14.44 2000 30060
	002182.SZ 云海金属 20.35 1500 30075
---market_value	60135
---temp_forzen	0
---forzen	144445
---unforzen	88335.225
---fee	110.31
====================
11304 钟杰操盘专户01期
---market_value	0
---temp_forzen	0
---forzen	0
---unforzen	0
---fee	0
====================
11328 渔人01期
	600667.SH XD太极实 10.46 5300 55491
---market_value	55491
---temp_forzen	0
---forzen	166772
---unforzen	106951
---fee	118.89
====================
11313 牛人牛股15期
	002070.SZ 众和股份 28.84120625 1600 41776
---market_value	41776
---temp_forzen	0
---forzen	46128
---unforzen	0
---fee	17.93
====================
11267 车家乐01期
---market_value	0
---temp_forzen	0
---forzen	0
---unforzen	0
---fee	0
====================
11266 遇言专户01期
---market_value	0
---temp_forzen	0
---forzen	0
---unforzen	0
---fee	0
====================
11265 老蔡01期
	600180.SH 瑞茂通 16.461395 2000 29680
	600978.SH 宜华生活 12.0948066667 3000 32820
---market_value	62500
---temp_forzen	0
---forzen	85580
---unforzen	17244.2
---fee	57.42
====================
11312 公益乐发布净值消息测试
---market_value	0
---temp_forzen	0
---forzen	0
---unforzen	0
---fee	0
====================
11289 投资客专户01期
---market_value	0
---temp_forzen	0
---forzen	0
---unforzen	0
---fee	0
====================
11288 三人为众港股专户01期
---market_value	0
---temp_forzen	0
---forzen	0
---unforzen	0
---fee	0
====================
11285 知鸟01期
	603822.SH 嘉澳环保 47.12958 3000 200040
---market_value	200040
---temp_forzen	0
---forzen	4482096.22
---unforzen	4318662.86
---fee	6972.32
====================
11284 牛人牛股11期
---market_value	0
---temp_forzen	0
---forzen	0
---unforzen	0
---fee	0
====================
11287 盈多点点06期--看跌型
---market_value	0
---temp_forzen	0
---forzen	0
---unforzen	0
---fee	0
====================
11286 盈多点点06期--看涨型
---market_value	0
---temp_forzen	0
---forzen	0
---unforzen	0
---fee	0
====================
11274 股天乐01期
	000792.SZ 盐湖股份 20.0354 1000 21300
	600648.SH 外高桥 19.34018 3000 59310
---market_value	80610
---temp_forzen	0
---forzen	2950059.02
---unforzen	2845429.58
---fee	4842.19
====================
11275 牛人牛股09期
---market_value	0
---temp_forzen	0
---forzen	0
---unforzen	0
---fee	0
====================
11333 黎明02期
	600303.SH 曙光股份 13.759 44000 655160
	603012.SH 创力集团 13.0242105263 19000 265240
	600990.SH 四创电子 88.2 800 70384
	300287.SZ 飞利信 13.07 6000 78600
	002123.SZ 荣信股份 18.18 5000 92150
	002013.SZ 中航机电 13.21 5000 66050
---market_value	1227584
---temp_forzen	0
---forzen	1158786
---unforzen	0
---fee	0
====================
11277 复利马拉松专户01期
---market_value	0
---temp_forzen	0
---forzen	0
---unforzen	0
---fee	0
====================
11270 爱要让你听见03期
---market_value	0
---temp_forzen	0
---forzen	0
---unforzen	0
---fee	0
====================
11334 牛人牛股17期
---market_value	0
---temp_forzen	0
---forzen	0
---unforzen	0
---fee	0
====================
11318 水的精神03期
	600419.SH 天润乳业 57.9657392857 2800 153608
---market_value	153608
---temp_forzen	0
---forzen	332759
---unforzen	159495
---fee	350.85
====================
11230 小超人专户组合一号
---market_value	0
---temp_forzen	0
---forzen	0
---unforzen	0
---fee	0
====================
11316 行者01期
---market_value	0
---temp_forzen	0
---forzen	625739
---unforzen	623877
---fee	969.49
====================
11233 量华逆袭一号专户组合
---market_value	0
---temp_forzen	0
---forzen	0
---unforzen	0
---fee	0
====================
11278 牛人牛股10期
---market_value	0
---temp_forzen	0
---forzen	0
---unforzen	0
---fee	0
====================
11279 飞龙01期
	002378.SZ 章源钨业 12.02503 2000 20500
	002466.SZ 天齐锂业 173.7174 100 4255
---market_value	24755
---temp_forzen	0
---forzen	825793.9
---unforzen	769197
---fee	1230.14
====================
11311 南山南02期
	600679.SH 上海凤凰 14.45 3000 45090
	002182.SZ 云海金属 20.1224 2500 50125
	002339.SZ 积成电子 19.17551 2000 36720
---market_value	131935
---temp_forzen	0
---forzen	246042.13
---unforzen	118064.838
---fee	164.88
====================
11237 小超人专户组合二号
---market_value	0
---temp_forzen	0
---forzen	0
---unforzen	0
---fee	0
====================
11317 omsv2Test
	601288.SH 农业银行 3.2301 200 634
---market_value	634
---temp_forzen	0
---forzen	5461
---unforzen	4846.8
---fee	61.84
====================
11331 好时量化01期
	000901.SZ 航天科技 40.275645 2000 81000
	002137.SZ 麦达数字 16.3645 4000 64920
	300303.SZ 聚飞光电 9.805 4000 39840
---market_value	185760
---temp_forzen	0
---forzen	185198
---unforzen	0
---fee	31.29
====================
11258 清楚理财01期
	300287.SZ 飞利信 13.07 6000 78600
	603012.SH 创力集团 13.0490555556 18000 251280
	600303.SH 曙光股份 13.73935 20000 297800
	601777.SH 力帆股份 11.88 12000 143160
	600345.SH XD长江通 22.27 3500 74725
	600990.SH 四创电子 88.2 800 70384
	002123.SZ 荣信股份 18.2 5000 92150
	002013.SZ 中航机电 13.18 5000 66050
---market_value	1074149
---temp_forzen	0
---forzen	5899145
---unforzen	4901858
---fee	3672.72
====================
11298 牛人牛股13期
	150153.SZ 创业板B 0.984 45000 45045
---market_value	45045
---temp_forzen	0
---forzen	655548
---unforzen	621969.9
---fee	949.21
====================
11332 爱要 让你听见05期
---market_value	0
---temp_forzen	0
---forzen	0
---unforzen	0
---fee	0
====================
11292 牛人牛股12期
---market_value	0
---temp_forzen	0
---forzen	0
---unforzen	0
---fee	0
====================
11293 机器人量化-风口守望者专户01期
---market_value	0
---temp_forzen	0
---forzen	0
---unforzen	0
---fee	0
====================
11290 翩翩侠01期
	300376.SZ 易事特 29.1979 1800 49878
	603315.SH 福鞍股份 18.9329 2700 53298
	002063.SZ 远光软件 11.8706681818 2200 34364
	300175.SZ 朗源股份 8.79 3500 30660
	300248.SZ 新开普 27.25 2000 53680
---market_value	221880
---temp_forzen	0
---forzen	1546221
---unforzen	1326899
---fee	2101.25
====================
11291 爱要让你听见04期
---market_value	0
---temp_forzen	0
---forzen	0
---unforzen	0
---fee	0
====================
11296 总裁01期
	150153.SZ 创业板B 0.979 76400 76476.4
---market_value	76476.4
---temp_forzen	0
---forzen	1501146.6
---unforzen	1439738.92
---fee	2385.93
====================
11297 镜像组合测试
---market_value	0
---temp_forzen	0
---forzen	0
---unforzen	0
---fee	0
====================
11294 盈多点点07期--黄金看涨型
---market_value	0
---temp_forzen	0
---forzen	0
---unforzen	0
---fee	0
====================
